<?xml version="1.0" encoding="UTF-8"?>
<testng-results skipped="0" failed="0" total="1" passed="1">
  <reporter-output>
  </reporter-output>
  <suite name="Default suite" duration-ms="11171" started-at="2015-07-30T15:54:10Z" finished-at="2015-07-30T15:54:21Z">
    <groups>
    </groups>
    <test name="Default test" duration-ms="11171" started-at="2015-07-30T15:54:10Z" finished-at="2015-07-30T15:54:21Z">
      <class name="Tests.HomePageTest">
        <test-method status="PASS" signature="beforeClass()[pri:0, instance:Tests.HomePageTest@66d33a]" name="beforeClass" is-config="true" duration-ms="10524" started-at="2015-07-31T01:54:10Z" finished-at="2015-07-31T01:54:20Z">
          <reporter-output>
          </reporter-output>
        </test-method> <!-- beforeClass -->
        <test-method status="PASS" signature="verifyPageTitle()[pri:0, instance:Tests.HomePageTest@66d33a]" name="verifyPageTitle" duration-ms="339" started-at="2015-07-31T01:54:20Z" finished-at="2015-07-31T01:54:21Z">
          <reporter-output>
          </reporter-output>
        </test-method> <!-- verifyPageTitle -->
        <test-method status="PASS" signature="afterClass()[pri:0, instance:Tests.HomePageTest@66d33a]" name="afterClass" is-config="true" duration-ms="282" started-at="2015-07-31T01:54:21Z" finished-at="2015-07-31T01:54:21Z">
          <reporter-output>
          </reporter-output>
        </test-method> <!-- afterClass -->
      </class> <!-- Tests.HomePageTest -->
    </test> <!-- Default test -->
  </suite> <!-- Default suite -->
</testng-results>
