<?xml version="1.0" encoding="UTF-8"?>
<testng-results skipped="0" failed="0" total="1" passed="1">
  <reporter-output>
  </reporter-output>
  <suite name="Suite" duration-ms="78" started-at="2015-07-29T11:09:48Z" finished-at="2015-07-29T11:09:48Z">
    <groups>
    </groups>
    <test name="Test" duration-ms="78" started-at="2015-07-29T11:09:48Z" finished-at="2015-07-29T11:09:48Z">
      <class name="Tests.YahooTestNG">
        <test-method status="PASS" signature="loginPage()[pri:0, instance:Tests.YahooTestNG@6adca536]" name="loginPage" duration-ms="42" started-at="2015-07-29T21:09:48Z" finished-at="2015-07-29T21:09:48Z">
          <reporter-output>
          </reporter-output>
        </test-method> <!-- loginPage -->
      </class> <!-- Tests.YahooTestNG -->
    </test> <!-- Test -->
  </suite> <!-- Suite -->
</testng-results>
